<?xml version="1.0" encoding="UTF-8"?>
<!-- Generated by org.testng.reporters.JUnitReportReporter -->
<testsuite hostname="Swatismita" failures="0" tests="1" name="test.java.com.trello.qspiders.endtoend.SwiggyOrder" time="14.895" errors="0" timestamp="2023-10-15T15:47:55 IST" skipped="0">
  <testcase classname="test.java.com.trello.qspiders.endtoend.SwiggyOrder" name="orderBiryani" time="14.895"/>
  <system-out>
    <![CDATA[SECURE CHECKOUT]]>
  </system-out>
</testsuite> <!-- test.java.com.trello.qspiders.endtoend.SwiggyOrder -->
